<?xml version="1.0" encoding="UTF-8"?>
<!-- Generated by org.testng.reporters.JUnitXMLReporter -->
<testsuite hostname="DESKTOP-88PECDP" ignored="0" name="Assessment Tests" tests="3" failures="0" timestamp="2022-09-18T16:02:23 IST" time="123.603" errors="0">
  <testcase name="test_invaild_contact" time="43.638" classname="testCase.TC_001_Contac_Us"/>
  <testcase name="test_contact_us" time="33.056" classname="testCase.TC_002_Contact_Us"/>
  <testcase name="test_add_products" time="38.678" classname="testCase.TC_003_Addingproductscart"/>
</testsuite> <!-- Assessment Tests -->
