<?xml version="1.0" encoding="UTF-8"?>
<!-- Generated by org.testng.reporters.JUnitXMLReporter -->
<testsuite hostname="DESKTOP-88PECDP" ignored="0" name="Assessment Tests" tests="3" failures="0" timestamp="2022-09-17T08:17:15 IST" time="50.834" errors="0">
  <testcase name="test_invaild_contact" time="19.365" classname="testCase.TC_001_Contac_Us"/>
  <testcase name="test_contact_us" time="17.194" classname="testCase.TC_002_Contact_Us"/>
  <testcase name="test_add_products" time="4.977" classname="testCase.TC_003_Addingproductscart"/>
</testsuite> <!-- Assessment Tests -->
