<?xml version="1.0" encoding="UTF-8"?>
<testng-results skipped="0" failed="0" ignored="0" total="3" passed="3">
  <reporter-output>
  </reporter-output>
  <suite name="Assessment Test Suite" duration-ms="54444" started-at="2022-09-18T17:59:49 IST" finished-at="2022-09-18T18:00:43 IST">
    <groups>
    </groups>
    <test name="Assessment Tests" duration-ms="54444" started-at="2022-09-18T17:59:49 IST" finished-at="2022-09-18T18:00:43 IST">
      <class name="testCase.TC_003_Addingproductscart">
        <test-method status="PASS" signature="setup()[pri:0, instance:testCase.TC_003_Addingproductscart@704d6e83]" name="setup" is-config="true" duration-ms="1621" started-at="2022-09-18T18:00:27 IST" finished-at="2022-09-18T18:00:29 IST">
          <reporter-output>
          </reporter-output>
        </test-method> <!-- setup -->
        <test-method status="PASS" signature="test_add_products()[pri:0, instance:testCase.TC_003_Addingproductscart@704d6e83]" name="test_add_products" duration-ms="13988" started-at="2022-09-18T18:00:29 IST" finished-at="2022-09-18T18:00:43 IST">
          <reporter-output>
          </reporter-output>
        </test-method> <!-- test_add_products -->
        <test-method status="PASS" signature="tearDown()[pri:0, instance:testCase.TC_003_Addingproductscart@704d6e83]" name="tearDown" is-config="true" duration-ms="170" started-at="2022-09-18T18:00:43 IST" finished-at="2022-09-18T18:00:43 IST">
          <reporter-output>
          </reporter-output>
        </test-method> <!-- tearDown -->
      </class> <!-- testCase.TC_003_Addingproductscart -->
      <class name="testCase.TC_002_Contact_Us">
        <test-method status="PASS" signature="setup()[pri:0, instance:testCase.TC_002_Contact_Us@1786f9d5]" name="setup" is-config="true" duration-ms="1503" started-at="2022-09-18T18:00:11 IST" finished-at="2022-09-18T18:00:13 IST">
          <reporter-output>
          </reporter-output>
        </test-method> <!-- setup -->
        <test-method status="PASS" signature="test_contact_us()[pri:0, instance:testCase.TC_002_Contact_Us@1786f9d5]" name="test_contact_us" duration-ms="14199" started-at="2022-09-18T18:00:13 IST" finished-at="2022-09-18T18:00:27 IST">
          <reporter-output>
          </reporter-output>
        </test-method> <!-- test_contact_us -->
        <test-method status="PASS" signature="tearDown()[pri:0, instance:testCase.TC_002_Contact_Us@1786f9d5]" name="tearDown" is-config="true" duration-ms="163" started-at="2022-09-18T18:00:27 IST" finished-at="2022-09-18T18:00:27 IST">
          <reporter-output>
          </reporter-output>
        </test-method> <!-- tearDown -->
      </class> <!-- testCase.TC_002_Contact_Us -->
      <class name="testCase.TC_001_Contac_Us">
        <test-method status="PASS" signature="setup()[pri:0, instance:testCase.TC_001_Contac_Us@10dba097]" name="setup" is-config="true" duration-ms="6066" started-at="2022-09-18T17:59:49 IST" finished-at="2022-09-18T17:59:55 IST">
          <reporter-output>
          </reporter-output>
        </test-method> <!-- setup -->
        <test-method status="PASS" signature="test_invaild_contact()[pri:0, instance:testCase.TC_001_Contac_Us@10dba097]" name="test_invaild_contact" duration-ms="16013" started-at="2022-09-18T17:59:55 IST" finished-at="2022-09-18T18:00:11 IST">
          <reporter-output>
          </reporter-output>
        </test-method> <!-- test_invaild_contact -->
        <test-method status="PASS" signature="tearDown()[pri:0, instance:testCase.TC_001_Contac_Us@10dba097]" name="tearDown" is-config="true" duration-ms="120" started-at="2022-09-18T18:00:11 IST" finished-at="2022-09-18T18:00:11 IST">
          <reporter-output>
          </reporter-output>
        </test-method> <!-- tearDown -->
      </class> <!-- testCase.TC_001_Contac_Us -->
    </test> <!-- Assessment Tests -->
  </suite> <!-- Assessment Test Suite -->
</testng-results>
