<?xml version="1.0" encoding="UTF-8"?>
<testng-results skipped="0" failed="0" ignored="0" total="1" passed="1">
  <reporter-output>
  </reporter-output>
  <suite name="Default suite" duration-ms="10259" started-at="2022-09-17T10:43:41 IST" finished-at="2022-09-17T10:43:51 IST">
    <groups>
    </groups>
    <test name="Default test" duration-ms="10259" started-at="2022-09-17T10:43:41 IST" finished-at="2022-09-17T10:43:51 IST">
      <class name="testCase.TC_003_Addingproductscart">
        <test-method status="PASS" signature="setup()[pri:0, instance:testCase.TC_003_Addingproductscart@401e7803]" name="setup" is-config="true" duration-ms="4546" started-at="2022-09-17T10:43:41 IST" finished-at="2022-09-17T10:43:45 IST">
          <reporter-output>
          </reporter-output>
        </test-method> <!-- setup -->
        <test-method status="PASS" signature="test_add_products()[pri:0, instance:testCase.TC_003_Addingproductscart@401e7803]" name="test_add_products" duration-ms="5539" started-at="2022-09-17T10:43:46 IST" finished-at="2022-09-17T10:43:51 IST">
          <reporter-output>
          </reporter-output>
        </test-method> <!-- test_add_products -->
        <test-method status="PASS" signature="tearDown()[pri:0, instance:testCase.TC_003_Addingproductscart@401e7803]" name="tearDown" is-config="true" duration-ms="125" started-at="2022-09-17T10:43:51 IST" finished-at="2022-09-17T10:43:51 IST">
          <reporter-output>
          </reporter-output>
        </test-method> <!-- tearDown -->
      </class> <!-- testCase.TC_003_Addingproductscart -->
    </test> <!-- Default test -->
  </suite> <!-- Default suite -->
</testng-results>
